<?xml version="1.0" encoding="UTF-8"?>
<testng-results ignored="0" total="1" passed="1" failed="0" skipped="0">
  <reporter-output>
  </reporter-output>
  <suite started-at="2023-08-02T11:45:53 IST" name="Default suite" finished-at="2023-08-02T11:46:50 IST" duration-ms="56341">
    <groups>
      <group name="cucumber">
        <method signature="AbstractTestNGCucumberTests.runScenario(io.cucumber.testng.PickleWrapper,io.cucumber.testng.FeatureWrapper)[pri:0, instance:SwiggyDemo.TestSteps.TestRunner$testRunner@563f38c4]" name="runScenario" class="io.cucumber.testng.AbstractTestNGCucumberTests"/>
      </group> <!-- cucumber -->
    </groups>
    <test started-at="2023-08-02T11:45:53 IST" name="Default test" finished-at="2023-08-02T11:46:50 IST" duration-ms="56341">
      <class name="SwiggyDemo.TestSteps.TestRunner$testRunner">
        <test-method is-config="true" signature="setUpClass(org.testng.ITestContext)[pri:0, instance:SwiggyDemo.TestSteps.TestRunner$testRunner@563f38c4]" started-at="2023-08-02T11:45:53 IST" name="setUpClass" finished-at="2023-08-02T11:45:54 IST" duration-ms="959" status="PASS">
          <params>
            <param index="0">
              <value>
                <![CDATA[org.testng.TestRunner@62f11ebb]]>
              </value>
            </param>
          </params>
          <reporter-output>
          </reporter-output>
        </test-method> <!-- setUpClass -->
        <test-method signature="runScenario(io.cucumber.testng.PickleWrapper,io.cucumber.testng.FeatureWrapper)[pri:0, instance:SwiggyDemo.TestSteps.TestRunner$testRunner@563f38c4]" started-at="2023-08-02T11:45:54 IST" name="runScenario" description="Runs Cucumber Scenarios" data-provider="scenarios" finished-at="2023-08-02T11:46:50 IST" duration-ms="55244" status="PASS">
          <params>
            <param index="0">
              <value>
                <![CDATA["Order food in swiggy"]]>
              </value>
            </param>
            <param index="1">
              <value>
                <![CDATA["Optional[Order food in swiggy]"]]>
              </value>
            </param>
          </params>
          <reporter-output>
          </reporter-output>
        </test-method> <!-- runScenario -->
        <test-method is-config="true" signature="tearDownClass()[pri:0, instance:SwiggyDemo.TestSteps.TestRunner$testRunner@563f38c4]" started-at="2023-08-02T11:46:50 IST" name="tearDownClass" finished-at="2023-08-02T11:46:50 IST" duration-ms="20" status="PASS">
          <reporter-output>
          </reporter-output>
        </test-method> <!-- tearDownClass -->
      </class> <!-- SwiggyDemo.TestSteps.TestRunner$testRunner -->
    </test> <!-- Default test -->
  </suite> <!-- Default suite -->
</testng-results>
